<?xml version="1.0" encoding="utf-8"?><testsuites><testsuite errors="0" failures="0" hostname="lumipyry" name="pytest" skipped="103" tests="103" time="0.264" timestamp="2020-06-30T00:54:52.611153"><testcase classname="tests.test_bulb" file="tests/test_bulb.py" line="18" name="test_bulb_sysinfo[KL120(US)_1.0_real.json]" time="0.001"><skipped message="async def function and no async plugin installed (see warnings)" type="pytest.skip">/home/tpr/.cache/pypoetry/virtualenvs/python-kasa-TK6VvBHa-py3.8/lib/python3.8/site-packages/_pytest/python.py:172: async def function and no async plugin installed (see warnings)</skipped></testcase><testcase classname="tests.test_bulb" file="tests/test_bulb.py" line="18" name="test_bulb_sysinfo[LB120(US)_1.0.json]" time="0.001"><skipped message="async def function and no async plugin installed (see warnings)" type="pytest.skip">/home/tpr/.cache/pypoetry/virtualenvs/python-kasa-TK6VvBHa-py3.8/lib/python3.8/site-packages/_pytest/python.py:172: async def function and no async plugin installed (see warnings)</skipped></testcase><testcase classname="tests.test_bulb" file="tests/test_bulb.py" line="18" name="test_bulb_sysinfo[LB130(US)_1.0.json]" time="0.001"><skipped message="async def function and no async plugin installed (see warnings)" type="pytest.skip">/home/tpr/.cache/pypoetry/virtualenvs/python-kasa-TK6VvBHa-py3.8/lib/python3.8/site-packages/_pytest/python.py:172: async def function and no async plugin installed (see warnings)</skipped></testcase><testcase classname="tests.test_bulb" file="tests/test_bulb.py" line="18" name="test_bulb_sysinfo[LB100(US)_1.0.json]" time="0.001"><skipped message="async def function and no async plugin installed (see warnings)" type="pytest.skip">/home/tpr/.cache/pypoetry/virtualenvs/python-kasa-TK6VvBHa-py3.8/lib/python3.8/site-packages/_pytest/python.py:172: async def function and no async plugin installed (see warnings)</skipped></testcase><testcase classname="tests.test_bulb" file="tests/test_bulb.py" line="18" name="test_bulb_sysinfo[KL130(US)_1.0.json]" time="0.001"><skipped message="async def function and no async plugin installed (see warnings)" type="pytest.skip">/home/tpr/.cache/pypoetry/virtualenvs/python-kasa-TK6VvBHa-py3.8/lib/python3.8/site-packages/_pytest/python.py:172: async def function and no async plugin installed (see warnings)</skipped></testcase><testcase classname="tests.test_bulb" file="tests/test_bulb.py" line="18" name="test_bulb_sysinfo[KL60(UN)_1.0.json]" time="0.001"><skipped message="async def function and no async plugin installed (see warnings)" type="pytest.skip">/home/tpr/.cache/pypoetry/virtualenvs/python-kasa-TK6VvBHa-py3.8/lib/python3.8/site-packages/_pytest/python.py:172: async def function and no async plugin installed (see warnings)</skipped></testcase><testcase classname="tests.test_bulb" file="tests/test_bulb.py" line="29" name="test_state_attributes[KL120(US)_1.0_real.json]" time="0.001"><skipped message="async def function and no async plugin installed (see warnings)" type="pytest.skip">/home/tpr/.cache/pypoetry/virtualenvs/python-kasa-TK6VvBHa-py3.8/lib/python3.8/site-packages/_pytest/python.py:172: async def function and no async plugin installed (see warnings)</skipped></testcase><testcase classname="tests.test_bulb" file="tests/test_bulb.py" line="29" name="test_state_attributes[LB120(US)_1.0.json]" time="0.001"><skipped message="async def function and no async plugin installed (see warnings)" type="pytest.skip">/home/tpr/.cache/pypoetry/virtualenvs/python-kasa-TK6VvBHa-py3.8/lib/python3.8/site-packages/_pytest/python.py:172: async def function and no async plugin installed (see warnings)</skipped></testcase><testcase classname="tests.test_bulb" file="tests/test_bulb.py" line="29" name="test_state_attributes[LB130(US)_1.0.json]" time="0.001"><skipped message="async def function and no async plugin installed (see warnings)" type="pytest.skip">/home/tpr/.cache/pypoetry/virtualenvs/python-kasa-TK6VvBHa-py3.8/lib/python3.8/site-packages/_pytest/python.py:172: async def function and no async plugin installed (see warnings)</skipped></testcase><testcase classname="tests.test_bulb" file="tests/test_bulb.py" line="29" name="test_state_attributes[LB100(US)_1.0.json]" time="0.001"><skipped message="async def function and no async plugin installed (see warnings)" type="pytest.skip">/home/tpr/.cache/pypoetry/virtualenvs/python-kasa-TK6VvBHa-py3.8/lib/python3.8/site-packages/_pytest/python.py:172: async def function and no async plugin installed (see warnings)</skipped></testcase><testcase classname="tests.test_bulb" file="tests/test_bulb.py" line="29" name="test_state_attributes[KL130(US)_1.0.json]" time="0.001"><skipped message="async def function and no async plugin installed (see warnings)" type="pytest.skip">/home/tpr/.cache/pypoetry/virtualenvs/python-kasa-TK6VvBHa-py3.8/lib/python3.8/site-packages/_pytest/python.py:172: async def function and no async plugin installed (see warnings)</skipped></testcase><testcase classname="tests.test_bulb" file="tests/test_bulb.py" line="29" name="test_state_attributes[KL60(UN)_1.0.json]" time="0.001"><skipped message="async def function and no async plugin installed (see warnings)" type="pytest.skip">/home/tpr/.cache/pypoetry/virtualenvs/python-kasa-TK6VvBHa-py3.8/lib/python3.8/site-packages/_pytest/python.py:172: async def function and no async plugin installed (see warnings)</skipped></testcase><testcase classname="tests.test_bulb" file="tests/test_bulb.py" line="38" name="test_light_state_without_update[KL120(US)_1.0_real.json]" time="0.001"><skipped message="async def function and no async plugin installed (see warnings)" type="pytest.skip">/home/tpr/.cache/pypoetry/virtualenvs/python-kasa-TK6VvBHa-py3.8/lib/python3.8/site-packages/_pytest/python.py:172: async def function and no async plugin installed (see warnings)</skipped></testcase><testcase classname="tests.test_bulb" file="tests/test_bulb.py" line="38" name="test_light_state_without_update[LB120(US)_1.0.json]" time="0.001"><skipped message="async def function and no async plugin installed (see warnings)" type="pytest.skip">/home/tpr/.cache/pypoetry/virtualenvs/python-kasa-TK6VvBHa-py3.8/lib/python3.8/site-packages/_pytest/python.py:172: async def function and no async plugin installed (see warnings)</skipped></testcase><testcase classname="tests.test_bulb" file="tests/test_bulb.py" line="38" name="test_light_state_without_update[LB130(US)_1.0.json]" time="0.001"><skipped message="async def function and no async plugin installed (see warnings)" type="pytest.skip">/home/tpr/.cache/pypoetry/virtualenvs/python-kasa-TK6VvBHa-py3.8/lib/python3.8/site-packages/_pytest/python.py:172: async def function and no async plugin installed (see warnings)</skipped></testcase><testcase classname="tests.test_bulb" file="tests/test_bulb.py" line="38" name="test_light_state_without_update[LB100(US)_1.0.json]" time="0.001"><skipped message="async def function and no async plugin installed (see warnings)" type="pytest.skip">/home/tpr/.cache/pypoetry/virtualenvs/python-kasa-TK6VvBHa-py3.8/lib/python3.8/site-packages/_pytest/python.py:172: async def function and no async plugin installed (see warnings)</skipped></testcase><testcase classname="tests.test_bulb" file="tests/test_bulb.py" line="38" name="test_light_state_without_update[KL130(US)_1.0.json]" time="0.001"><skipped message="async def function and no async plugin installed (see warnings)" type="pytest.skip">/home/tpr/.cache/pypoetry/virtualenvs/python-kasa-TK6VvBHa-py3.8/lib/python3.8/site-packages/_pytest/python.py:172: async def function and no async plugin installed (see warnings)</skipped></testcase><testcase classname="tests.test_bulb" file="tests/test_bulb.py" line="38" name="test_light_state_without_update[KL60(UN)_1.0.json]" time="0.001"><skipped message="async def function and no async plugin installed (see warnings)" type="pytest.skip">/home/tpr/.cache/pypoetry/virtualenvs/python-kasa-TK6VvBHa-py3.8/lib/python3.8/site-packages/_pytest/python.py:172: async def function and no async plugin installed (see warnings)</skipped></testcase><testcase classname="tests.test_bulb" file="tests/test_bulb.py" line="47" name="test_get_light_state[KL120(US)_1.0_real.json]" time="0.001"><skipped message="async def function and no async plugin installed (see warnings)" type="pytest.skip">/home/tpr/.cache/pypoetry/virtualenvs/python-kasa-TK6VvBHa-py3.8/lib/python3.8/site-packages/_pytest/python.py:172: async def function and no async plugin installed (see warnings)</skipped></testcase><testcase classname="tests.test_bulb" file="tests/test_bulb.py" line="47" name="test_get_light_state[LB120(US)_1.0.json]" time="0.001"><skipped message="async def function and no async plugin installed (see warnings)" type="pytest.skip">/home/tpr/.cache/pypoetry/virtualenvs/python-kasa-TK6VvBHa-py3.8/lib/python3.8/site-packages/_pytest/python.py:172: async def function and no async plugin installed (see warnings)</skipped></testcase><testcase classname="tests.test_bulb" file="tests/test_bulb.py" line="47" name="test_get_light_state[LB130(US)_1.0.json]" time="0.001"><skipped message="async def function and no async plugin installed (see warnings)" type="pytest.skip">/home/tpr/.cache/pypoetry/virtualenvs/python-kasa-TK6VvBHa-py3.8/lib/python3.8/site-packages/_pytest/python.py:172: async def function and no async plugin installed (see warnings)</skipped></testcase><testcase classname="tests.test_bulb" file="tests/test_bulb.py" line="47" name="test_get_light_state[LB100(US)_1.0.json]" time="0.001"><skipped message="async def function and no async plugin installed (see warnings)" type="pytest.skip">/home/tpr/.cache/pypoetry/virtualenvs/python-kasa-TK6VvBHa-py3.8/lib/python3.8/site-packages/_pytest/python.py:172: async def function and no async plugin installed (see warnings)</skipped></testcase><testcase classname="tests.test_bulb" file="tests/test_bulb.py" line="47" name="test_get_light_state[KL130(US)_1.0.json]" time="0.001"><skipped message="async def function and no async plugin installed (see warnings)" type="pytest.skip">/home/tpr/.cache/pypoetry/virtualenvs/python-kasa-TK6VvBHa-py3.8/lib/python3.8/site-packages/_pytest/python.py:172: async def function and no async plugin installed (see warnings)</skipped></testcase><testcase classname="tests.test_bulb" file="tests/test_bulb.py" line="47" name="test_get_light_state[KL60(UN)_1.0.json]" time="0.001"><skipped message="async def function and no async plugin installed (see warnings)" type="pytest.skip">/home/tpr/.cache/pypoetry/virtualenvs/python-kasa-TK6VvBHa-py3.8/lib/python3.8/site-packages/_pytest/python.py:172: async def function and no async plugin installed (see warnings)</skipped></testcase><testcase classname="tests.test_bulb" file="tests/test_bulb.py" line="52" name="test_hsv[True-/home/tpr/code/python-kasa/kasa/tests/fixtures/LB130(US)_1.0.json]" time="0.001"><skipped message="async def function and no async plugin installed (see warnings)" type="pytest.skip">/home/tpr/.cache/pypoetry/virtualenvs/python-kasa-TK6VvBHa-py3.8/lib/python3.8/site-packages/_pytest/python.py:172: async def function and no async plugin installed (see warnings)</skipped></testcase><testcase classname="tests.test_bulb" file="tests/test_bulb.py" line="52" name="test_hsv[True-/home/tpr/code/python-kasa/kasa/tests/fixtures/KL130(US)_1.0.json]" time="0.001"><skipped message="async def function and no async plugin installed (see warnings)" type="pytest.skip">/home/tpr/.cache/pypoetry/virtualenvs/python-kasa-TK6VvBHa-py3.8/lib/python3.8/site-packages/_pytest/python.py:172: async def function and no async plugin installed (see warnings)</skipped></testcase><testcase classname="tests.test_bulb" file="tests/test_bulb.py" line="52" name="test_hsv[False-/home/tpr/code/python-kasa/kasa/tests/fixtures/LB130(US)_1.0.json]" time="0.002"><skipped message="async def function and no async plugin installed (see warnings)" type="pytest.skip">/home/tpr/.cache/pypoetry/virtualenvs/python-kasa-TK6VvBHa-py3.8/lib/python3.8/site-packages/_pytest/python.py:172: async def function and no async plugin installed (see warnings)</skipped></testcase><testcase classname="tests.test_bulb" file="tests/test_bulb.py" line="52" name="test_hsv[False-/home/tpr/code/python-kasa/kasa/tests/fixtures/KL130(US)_1.0.json]" time="0.001"><skipped message="async def function and no async plugin installed (see warnings)" type="pytest.skip">/home/tpr/.cache/pypoetry/virtualenvs/python-kasa-TK6VvBHa-py3.8/lib/python3.8/site-packages/_pytest/python.py:172: async def function and no async plugin installed (see warnings)</skipped></testcase><testcase classname="tests.test_bulb" file="tests/test_bulb.py" line="71" name="test_set_hsv_transition[/home/tpr/code/python-kasa/kasa/tests/fixtures/LB130(US)_1.0.json]" time="0.001"><skipped message="async def function and no async plugin installed (see warnings)" type="pytest.skip">/home/tpr/.cache/pypoetry/virtualenvs/python-kasa-TK6VvBHa-py3.8/lib/python3.8/site-packages/_pytest/python.py:172: async def function and no async plugin installed (see warnings)</skipped></testcase><testcase classname="tests.test_bulb" file="tests/test_bulb.py" line="71" name="test_set_hsv_transition[/home/tpr/code/python-kasa/kasa/tests/fixtures/KL130(US)_1.0.json]" time="0.001"><skipped message="async def function and no async plugin installed (see warnings)" type="pytest.skip">/home/tpr/.cache/pypoetry/virtualenvs/python-kasa-TK6VvBHa-py3.8/lib/python3.8/site-packages/_pytest/python.py:172: async def function and no async plugin installed (see warnings)</skipped></testcase><testcase classname="tests.test_bulb" file="tests/test_bulb.py" line="82" name="test_invalid_hsv[True-/home/tpr/code/python-kasa/kasa/tests/fixtures/LB130(US)_1.0.json]" time="0.001"><skipped message="async def function and no async plugin installed (see warnings)" type="pytest.skip">/home/tpr/.cache/pypoetry/virtualenvs/python-kasa-TK6VvBHa-py3.8/lib/python3.8/site-packages/_pytest/python.py:172: async def function and no async plugin installed (see warnings)</skipped></testcase><testcase classname="tests.test_bulb" file="tests/test_bulb.py" line="82" name="test_invalid_hsv[True-/home/tpr/code/python-kasa/kasa/tests/fixtures/KL130(US)_1.0.json]" time="0.001"><skipped message="async def function and no async plugin installed (see warnings)" type="pytest.skip">/home/tpr/.cache/pypoetry/virtualenvs/python-kasa-TK6VvBHa-py3.8/lib/python3.8/site-packages/_pytest/python.py:172: async def function and no async plugin installed (see warnings)</skipped></testcase><testcase classname="tests.test_bulb" file="tests/test_bulb.py" line="82" name="test_invalid_hsv[False-/home/tpr/code/python-kasa/kasa/tests/fixtures/LB130(US)_1.0.json]" time="0.001"><skipped message="async def function and no async plugin installed (see warnings)" type="pytest.skip">/home/tpr/.cache/pypoetry/virtualenvs/python-kasa-TK6VvBHa-py3.8/lib/python3.8/site-packages/_pytest/python.py:172: async def function and no async plugin installed (see warnings)</skipped></testcase><testcase classname="tests.test_bulb" file="tests/test_bulb.py" line="82" name="test_invalid_hsv[False-/home/tpr/code/python-kasa/kasa/tests/fixtures/KL130(US)_1.0.json]" time="0.001"><skipped message="async def function and no async plugin installed (see warnings)" type="pytest.skip">/home/tpr/.cache/pypoetry/virtualenvs/python-kasa-TK6VvBHa-py3.8/lib/python3.8/site-packages/_pytest/python.py:172: async def function and no async plugin installed (see warnings)</skipped></testcase><testcase classname="tests.test_bulb" file="tests/test_bulb.py" line="101" name="test_color_state_information[/home/tpr/code/python-kasa/kasa/tests/fixtures/LB130(US)_1.0.json]" time="0.001"><skipped message="async def function and no async plugin installed (see warnings)" type="pytest.skip">/home/tpr/.cache/pypoetry/virtualenvs/python-kasa-TK6VvBHa-py3.8/lib/python3.8/site-packages/_pytest/python.py:172: async def function and no async plugin installed (see warnings)</skipped></testcase><testcase classname="tests.test_bulb" file="tests/test_bulb.py" line="101" name="test_color_state_information[/home/tpr/code/python-kasa/kasa/tests/fixtures/KL130(US)_1.0.json]" time="0.001"><skipped message="async def function and no async plugin installed (see warnings)" type="pytest.skip">/home/tpr/.cache/pypoetry/virtualenvs/python-kasa-TK6VvBHa-py3.8/lib/python3.8/site-packages/_pytest/python.py:172: async def function and no async plugin installed (see warnings)</skipped></testcase><testcase classname="tests.test_bulb" file="tests/test_bulb.py" line="107" name="test_hsv_on_non_color[/home/tpr/code/python-kasa/kasa/tests/fixtures/KL120(US)_1.0_real.json]" time="0.001"><skipped message="async def function and no async plugin installed (see warnings)" type="pytest.skip">/home/tpr/.cache/pypoetry/virtualenvs/python-kasa-TK6VvBHa-py3.8/lib/python3.8/site-packages/_pytest/python.py:172: async def function and no async plugin installed (see warnings)</skipped></testcase><testcase classname="tests.test_bulb" file="tests/test_bulb.py" line="107" name="test_hsv_on_non_color[/home/tpr/code/python-kasa/kasa/tests/fixtures/LB120(US)_1.0.json]" time="0.001"><skipped message="async def function and no async plugin installed (see warnings)" type="pytest.skip">/home/tpr/.cache/pypoetry/virtualenvs/python-kasa-TK6VvBHa-py3.8/lib/python3.8/site-packages/_pytest/python.py:172: async def function and no async plugin installed (see warnings)</skipped></testcase><testcase classname="tests.test_bulb" file="tests/test_bulb.py" line="107" name="test_hsv_on_non_color[/home/tpr/code/python-kasa/kasa/tests/fixtures/LB100(US)_1.0.json]" time="0.001"><skipped message="async def function and no async plugin installed (see warnings)" type="pytest.skip">/home/tpr/.cache/pypoetry/virtualenvs/python-kasa-TK6VvBHa-py3.8/lib/python3.8/site-packages/_pytest/python.py:172: async def function and no async plugin installed (see warnings)</skipped></testcase><testcase classname="tests.test_bulb" file="tests/test_bulb.py" line="107" name="test_hsv_on_non_color[/home/tpr/code/python-kasa/kasa/tests/fixtures/KL60(UN)_1.0.json]" time="0.001"><skipped message="async def function and no async plugin installed (see warnings)" type="pytest.skip">/home/tpr/.cache/pypoetry/virtualenvs/python-kasa-TK6VvBHa-py3.8/lib/python3.8/site-packages/_pytest/python.py:172: async def function and no async plugin installed (see warnings)</skipped></testcase><testcase classname="tests.test_bulb" file="tests/test_bulb.py" line="117" name="test_variable_temp_state_information[/home/tpr/code/python-kasa/kasa/tests/fixtures/KL120(US)_1.0_real.json]" time="0.001"><skipped message="async def function and no async plugin installed (see warnings)" type="pytest.skip">/home/tpr/.cache/pypoetry/virtualenvs/python-kasa-TK6VvBHa-py3.8/lib/python3.8/site-packages/_pytest/python.py:172: async def function and no async plugin installed (see warnings)</skipped></testcase><testcase classname="tests.test_bulb" file="tests/test_bulb.py" line="117" name="test_variable_temp_state_information[/home/tpr/code/python-kasa/kasa/tests/fixtures/LB120(US)_1.0.json]" time="0.001"><skipped message="async def function and no async plugin installed (see warnings)" type="pytest.skip">/home/tpr/.cache/pypoetry/virtualenvs/python-kasa-TK6VvBHa-py3.8/lib/python3.8/site-packages/_pytest/python.py:172: async def function and no async plugin installed (see warnings)</skipped></testcase><testcase classname="tests.test_bulb" file="tests/test_bulb.py" line="117" name="test_variable_temp_state_information[/home/tpr/code/python-kasa/kasa/tests/fixtures/LB130(US)_1.0.json]" time="0.001"><skipped message="async def function and no async plugin installed (see warnings)" type="pytest.skip">/home/tpr/.cache/pypoetry/virtualenvs/python-kasa-TK6VvBHa-py3.8/lib/python3.8/site-packages/_pytest/python.py:172: async def function and no async plugin installed (see warnings)</skipped></testcase><testcase classname="tests.test_bulb" file="tests/test_bulb.py" line="117" name="test_variable_temp_state_information[/home/tpr/code/python-kasa/kasa/tests/fixtures/KL130(US)_1.0.json]" time="0.001"><skipped message="async def function and no async plugin installed (see warnings)" type="pytest.skip">/home/tpr/.cache/pypoetry/virtualenvs/python-kasa-TK6VvBHa-py3.8/lib/python3.8/site-packages/_pytest/python.py:172: async def function and no async plugin installed (see warnings)</skipped></testcase><testcase classname="tests.test_bulb" file="tests/test_bulb.py" line="128" name="test_try_set_colortemp[True-/home/tpr/code/python-kasa/kasa/tests/fixtures/KL120(US)_1.0_real.json]" time="0.001"><skipped message="async def function and no async plugin installed (see warnings)" type="pytest.skip">/home/tpr/.cache/pypoetry/virtualenvs/python-kasa-TK6VvBHa-py3.8/lib/python3.8/site-packages/_pytest/python.py:172: async def function and no async plugin installed (see warnings)</skipped></testcase><testcase classname="tests.test_bulb" file="tests/test_bulb.py" line="128" name="test_try_set_colortemp[True-/home/tpr/code/python-kasa/kasa/tests/fixtures/LB120(US)_1.0.json]" time="0.003"><skipped message="async def function and no async plugin installed (see warnings)" type="pytest.skip">/home/tpr/.cache/pypoetry/virtualenvs/python-kasa-TK6VvBHa-py3.8/lib/python3.8/site-packages/_pytest/python.py:172: async def function and no async plugin installed (see warnings)</skipped></testcase><testcase classname="tests.test_bulb" file="tests/test_bulb.py" line="128" name="test_try_set_colortemp[True-/home/tpr/code/python-kasa/kasa/tests/fixtures/LB130(US)_1.0.json]" time="0.001"><skipped message="async def function and no async plugin installed (see warnings)" type="pytest.skip">/home/tpr/.cache/pypoetry/virtualenvs/python-kasa-TK6VvBHa-py3.8/lib/python3.8/site-packages/_pytest/python.py:172: async def function and no async plugin installed (see warnings)</skipped></testcase><testcase classname="tests.test_bulb" file="tests/test_bulb.py" line="128" name="test_try_set_colortemp[True-/home/tpr/code/python-kasa/kasa/tests/fixtures/KL130(US)_1.0.json]" time="0.001"><skipped message="async def function and no async plugin installed (see warnings)" type="pytest.skip">/home/tpr/.cache/pypoetry/virtualenvs/python-kasa-TK6VvBHa-py3.8/lib/python3.8/site-packages/_pytest/python.py:172: async def function and no async plugin installed (see warnings)</skipped></testcase><testcase classname="tests.test_bulb" file="tests/test_bulb.py" line="128" name="test_try_set_colortemp[False-/home/tpr/code/python-kasa/kasa/tests/fixtures/KL120(US)_1.0_real.json]" time="0.001"><skipped message="async def function and no async plugin installed (see warnings)" type="pytest.skip">/home/tpr/.cache/pypoetry/virtualenvs/python-kasa-TK6VvBHa-py3.8/lib/python3.8/site-packages/_pytest/python.py:172: async def function and no async plugin installed (see warnings)</skipped></testcase><testcase classname="tests.test_bulb" file="tests/test_bulb.py" line="128" name="test_try_set_colortemp[False-/home/tpr/code/python-kasa/kasa/tests/fixtures/LB120(US)_1.0.json]" time="0.001"><skipped message="async def function and no async plugin installed (see warnings)" type="pytest.skip">/home/tpr/.cache/pypoetry/virtualenvs/python-kasa-TK6VvBHa-py3.8/lib/python3.8/site-packages/_pytest/python.py:172: async def function and no async plugin installed (see warnings)</skipped></testcase><testcase classname="tests.test_bulb" file="tests/test_bulb.py" line="128" name="test_try_set_colortemp[False-/home/tpr/code/python-kasa/kasa/tests/fixtures/LB130(US)_1.0.json]" time="0.001"><skipped message="async def function and no async plugin installed (see warnings)" type="pytest.skip">/home/tpr/.cache/pypoetry/virtualenvs/python-kasa-TK6VvBHa-py3.8/lib/python3.8/site-packages/_pytest/python.py:172: async def function and no async plugin installed (see warnings)</skipped></testcase><testcase classname="tests.test_bulb" file="tests/test_bulb.py" line="128" name="test_try_set_colortemp[False-/home/tpr/code/python-kasa/kasa/tests/fixtures/KL130(US)_1.0.json]" time="0.001"><skipped message="async def function and no async plugin installed (see warnings)" type="pytest.skip">/home/tpr/.cache/pypoetry/virtualenvs/python-kasa-TK6VvBHa-py3.8/lib/python3.8/site-packages/_pytest/python.py:172: async def function and no async plugin installed (see warnings)</skipped></testcase><testcase classname="tests.test_bulb" file="tests/test_bulb.py" line="136" name="test_set_color_temp_transition[/home/tpr/code/python-kasa/kasa/tests/fixtures/KL120(US)_1.0_real.json]" time="0.001"><skipped message="async def function and no async plugin installed (see warnings)" type="pytest.skip">/home/tpr/.cache/pypoetry/virtualenvs/python-kasa-TK6VvBHa-py3.8/lib/python3.8/site-packages/_pytest/python.py:172: async def function and no async plugin installed (see warnings)</skipped></testcase><testcase classname="tests.test_bulb" file="tests/test_bulb.py" line="136" name="test_set_color_temp_transition[/home/tpr/code/python-kasa/kasa/tests/fixtures/LB120(US)_1.0.json]" time="0.001"><skipped message="async def function and no async plugin installed (see warnings)" type="pytest.skip">/home/tpr/.cache/pypoetry/virtualenvs/python-kasa-TK6VvBHa-py3.8/lib/python3.8/site-packages/_pytest/python.py:172: async def function and no async plugin installed (see warnings)</skipped></testcase><testcase classname="tests.test_bulb" file="tests/test_bulb.py" line="136" name="test_set_color_temp_transition[/home/tpr/code/python-kasa/kasa/tests/fixtures/LB130(US)_1.0.json]" time="0.001"><skipped message="async def function and no async plugin installed (see warnings)" type="pytest.skip">/home/tpr/.cache/pypoetry/virtualenvs/python-kasa-TK6VvBHa-py3.8/lib/python3.8/site-packages/_pytest/python.py:172: async def function and no async plugin installed (see warnings)</skipped></testcase><testcase classname="tests.test_bulb" file="tests/test_bulb.py" line="136" name="test_set_color_temp_transition[/home/tpr/code/python-kasa/kasa/tests/fixtures/KL130(US)_1.0.json]" time="0.001"><skipped message="async def function and no async plugin installed (see warnings)" type="pytest.skip">/home/tpr/.cache/pypoetry/virtualenvs/python-kasa-TK6VvBHa-py3.8/lib/python3.8/site-packages/_pytest/python.py:172: async def function and no async plugin installed (see warnings)</skipped></testcase><testcase classname="tests.test_bulb" file="tests/test_bulb.py" line="144" name="test_unknown_temp_range[/home/tpr/code/python-kasa/kasa/tests/fixtures/KL120(US)_1.0_real.json]" time="0.001"><skipped message="async def function and no async plugin installed (see warnings)" type="pytest.skip">/home/tpr/.cache/pypoetry/virtualenvs/python-kasa-TK6VvBHa-py3.8/lib/python3.8/site-packages/_pytest/python.py:172: async def function and no async plugin installed (see warnings)</skipped></testcase><testcase classname="tests.test_bulb" file="tests/test_bulb.py" line="144" name="test_unknown_temp_range[/home/tpr/code/python-kasa/kasa/tests/fixtures/LB120(US)_1.0.json]" time="0.001"><skipped message="async def function and no async plugin installed (see warnings)" type="pytest.skip">/home/tpr/.cache/pypoetry/virtualenvs/python-kasa-TK6VvBHa-py3.8/lib/python3.8/site-packages/_pytest/python.py:172: async def function and no async plugin installed (see warnings)</skipped></testcase><testcase classname="tests.test_bulb" file="tests/test_bulb.py" line="144" name="test_unknown_temp_range[/home/tpr/code/python-kasa/kasa/tests/fixtures/LB130(US)_1.0.json]" time="0.001"><skipped message="async def function and no async plugin installed (see warnings)" type="pytest.skip">/home/tpr/.cache/pypoetry/virtualenvs/python-kasa-TK6VvBHa-py3.8/lib/python3.8/site-packages/_pytest/python.py:172: async def function and no async plugin installed (see warnings)</skipped></testcase><testcase classname="tests.test_bulb" file="tests/test_bulb.py" line="144" name="test_unknown_temp_range[/home/tpr/code/python-kasa/kasa/tests/fixtures/KL130(US)_1.0.json]" time="0.001"><skipped message="async def function and no async plugin installed (see warnings)" type="pytest.skip">/home/tpr/.cache/pypoetry/virtualenvs/python-kasa-TK6VvBHa-py3.8/lib/python3.8/site-packages/_pytest/python.py:172: async def function and no async plugin installed (see warnings)</skipped></testcase><testcase classname="tests.test_bulb" file="tests/test_bulb.py" line="151" name="test_out_of_range_temperature[/home/tpr/code/python-kasa/kasa/tests/fixtures/KL120(US)_1.0_real.json]" time="0.001"><skipped message="async def function and no async plugin installed (see warnings)" type="pytest.skip">/home/tpr/.cache/pypoetry/virtualenvs/python-kasa-TK6VvBHa-py3.8/lib/python3.8/site-packages/_pytest/python.py:172: async def function and no async plugin installed (see warnings)</skipped></testcase><testcase classname="tests.test_bulb" file="tests/test_bulb.py" line="151" name="test_out_of_range_temperature[/home/tpr/code/python-kasa/kasa/tests/fixtures/LB120(US)_1.0.json]" time="0.001"><skipped message="async def function and no async plugin installed (see warnings)" type="pytest.skip">/home/tpr/.cache/pypoetry/virtualenvs/python-kasa-TK6VvBHa-py3.8/lib/python3.8/site-packages/_pytest/python.py:172: async def function and no async plugin installed (see warnings)</skipped></testcase><testcase classname="tests.test_bulb" file="tests/test_bulb.py" line="151" name="test_out_of_range_temperature[/home/tpr/code/python-kasa/kasa/tests/fixtures/LB130(US)_1.0.json]" time="0.001"><skipped message="async def function and no async plugin installed (see warnings)" type="pytest.skip">/home/tpr/.cache/pypoetry/virtualenvs/python-kasa-TK6VvBHa-py3.8/lib/python3.8/site-packages/_pytest/python.py:172: async def function and no async plugin installed (see warnings)</skipped></testcase><testcase classname="tests.test_bulb" file="tests/test_bulb.py" line="151" name="test_out_of_range_temperature[/home/tpr/code/python-kasa/kasa/tests/fixtures/KL130(US)_1.0.json]" time="0.001"><skipped message="async def function and no async plugin installed (see warnings)" type="pytest.skip">/home/tpr/.cache/pypoetry/virtualenvs/python-kasa-TK6VvBHa-py3.8/lib/python3.8/site-packages/_pytest/python.py:172: async def function and no async plugin installed (see warnings)</skipped></testcase><testcase classname="tests.test_bulb" file="tests/test_bulb.py" line="159" name="test_non_variable_temp[/home/tpr/code/python-kasa/kasa/tests/fixtures/LB100(US)_1.0.json]" time="0.002"><skipped message="async def function and no async plugin installed (see warnings)" type="pytest.skip">/home/tpr/.cache/pypoetry/virtualenvs/python-kasa-TK6VvBHa-py3.8/lib/python3.8/site-packages/_pytest/python.py:172: async def function and no async plugin installed (see warnings)</skipped></testcase><testcase classname="tests.test_bulb" file="tests/test_bulb.py" line="159" name="test_non_variable_temp[/home/tpr/code/python-kasa/kasa/tests/fixtures/KL60(UN)_1.0.json]" time="0.001"><skipped message="async def function and no async plugin installed (see warnings)" type="pytest.skip">/home/tpr/.cache/pypoetry/virtualenvs/python-kasa-TK6VvBHa-py3.8/lib/python3.8/site-packages/_pytest/python.py:172: async def function and no async plugin installed (see warnings)</skipped></testcase><testcase classname="tests.test_bulb" file="tests/test_bulb.py" line="171" name="test_dimmable_brightness[True-/home/tpr/code/python-kasa/kasa/tests/fixtures/KL120(US)_1.0_real.json]" time="0.001"><skipped message="async def function and no async plugin installed (see warnings)" type="pytest.skip">/home/tpr/.cache/pypoetry/virtualenvs/python-kasa-TK6VvBHa-py3.8/lib/python3.8/site-packages/_pytest/python.py:172: async def function and no async plugin installed (see warnings)</skipped></testcase><testcase classname="tests.test_bulb" file="tests/test_bulb.py" line="171" name="test_dimmable_brightness[True-/home/tpr/code/python-kasa/kasa/tests/fixtures/LB120(US)_1.0.json]" time="0.001"><skipped message="async def function and no async plugin installed (see warnings)" type="pytest.skip">/home/tpr/.cache/pypoetry/virtualenvs/python-kasa-TK6VvBHa-py3.8/lib/python3.8/site-packages/_pytest/python.py:172: async def function and no async plugin installed (see warnings)</skipped></testcase><testcase classname="tests.test_bulb" file="tests/test_bulb.py" line="171" name="test_dimmable_brightness[True-/home/tpr/code/python-kasa/kasa/tests/fixtures/LB130(US)_1.0.json]" time="0.001"><skipped message="async def function and no async plugin installed (see warnings)" type="pytest.skip">/home/tpr/.cache/pypoetry/virtualenvs/python-kasa-TK6VvBHa-py3.8/lib/python3.8/site-packages/_pytest/python.py:172: async def function and no async plugin installed (see warnings)</skipped></testcase><testcase classname="tests.test_bulb" file="tests/test_bulb.py" line="171" name="test_dimmable_brightness[True-/home/tpr/code/python-kasa/kasa/tests/fixtures/HS220(US)_1.0.json]" time="0.001"><skipped message="async def function and no async plugin installed (see warnings)" type="pytest.skip">/home/tpr/.cache/pypoetry/virtualenvs/python-kasa-TK6VvBHa-py3.8/lib/python3.8/site-packages/_pytest/python.py:172: async def function and no async plugin installed (see warnings)</skipped></testcase><testcase classname="tests.test_bulb" file="tests/test_bulb.py" line="171" name="test_dimmable_brightness[True-/home/tpr/code/python-kasa/kasa/tests/fixtures/LB100(US)_1.0.json]" time="0.001"><skipped message="async def function and no async plugin installed (see warnings)" type="pytest.skip">/home/tpr/.cache/pypoetry/virtualenvs/python-kasa-TK6VvBHa-py3.8/lib/python3.8/site-packages/_pytest/python.py:172: async def function and no async plugin installed (see warnings)</skipped></testcase><testcase classname="tests.test_bulb" file="tests/test_bulb.py" line="171" name="test_dimmable_brightness[True-/home/tpr/code/python-kasa/kasa/tests/fixtures/HS220(US)_1.0_real.json]" time="0.001"><skipped message="async def function and no async plugin installed (see warnings)" type="pytest.skip">/home/tpr/.cache/pypoetry/virtualenvs/python-kasa-TK6VvBHa-py3.8/lib/python3.8/site-packages/_pytest/python.py:172: async def function and no async plugin installed (see warnings)</skipped></testcase><testcase classname="tests.test_bulb" file="tests/test_bulb.py" line="171" name="test_dimmable_brightness[True-/home/tpr/code/python-kasa/kasa/tests/fixtures/KL130(US)_1.0.json]" time="0.001"><skipped message="async def function and no async plugin installed (see warnings)" type="pytest.skip">/home/tpr/.cache/pypoetry/virtualenvs/python-kasa-TK6VvBHa-py3.8/lib/python3.8/site-packages/_pytest/python.py:172: async def function and no async plugin installed (see warnings)</skipped></testcase><testcase classname="tests.test_bulb" file="tests/test_bulb.py" line="171" name="test_dimmable_brightness[True-/home/tpr/code/python-kasa/kasa/tests/fixtures/KL60(UN)_1.0.json]" time="0.001"><skipped message="async def function and no async plugin installed (see warnings)" type="pytest.skip">/home/tpr/.cache/pypoetry/virtualenvs/python-kasa-TK6VvBHa-py3.8/lib/python3.8/site-packages/_pytest/python.py:172: async def function and no async plugin installed (see warnings)</skipped></testcase><testcase classname="tests.test_bulb" file="tests/test_bulb.py" line="171" name="test_dimmable_brightness[False-/home/tpr/code/python-kasa/kasa/tests/fixtures/KL120(US)_1.0_real.json]" time="0.001"><skipped message="async def function and no async plugin installed (see warnings)" type="pytest.skip">/home/tpr/.cache/pypoetry/virtualenvs/python-kasa-TK6VvBHa-py3.8/lib/python3.8/site-packages/_pytest/python.py:172: async def function and no async plugin installed (see warnings)</skipped></testcase><testcase classname="tests.test_bulb" file="tests/test_bulb.py" line="171" name="test_dimmable_brightness[False-/home/tpr/code/python-kasa/kasa/tests/fixtures/LB120(US)_1.0.json]" time="0.001"><skipped message="async def function and no async plugin installed (see warnings)" type="pytest.skip">/home/tpr/.cache/pypoetry/virtualenvs/python-kasa-TK6VvBHa-py3.8/lib/python3.8/site-packages/_pytest/python.py:172: async def function and no async plugin installed (see warnings)</skipped></testcase><testcase classname="tests.test_bulb" file="tests/test_bulb.py" line="171" name="test_dimmable_brightness[False-/home/tpr/code/python-kasa/kasa/tests/fixtures/LB130(US)_1.0.json]" time="0.002"><skipped message="async def function and no async plugin installed (see warnings)" type="pytest.skip">/home/tpr/.cache/pypoetry/virtualenvs/python-kasa-TK6VvBHa-py3.8/lib/python3.8/site-packages/_pytest/python.py:172: async def function and no async plugin installed (see warnings)</skipped></testcase><testcase classname="tests.test_bulb" file="tests/test_bulb.py" line="171" name="test_dimmable_brightness[False-/home/tpr/code/python-kasa/kasa/tests/fixtures/HS220(US)_1.0.json]" time="0.001"><skipped message="async def function and no async plugin installed (see warnings)" type="pytest.skip">/home/tpr/.cache/pypoetry/virtualenvs/python-kasa-TK6VvBHa-py3.8/lib/python3.8/site-packages/_pytest/python.py:172: async def function and no async plugin installed (see warnings)</skipped></testcase><testcase classname="tests.test_bulb" file="tests/test_bulb.py" line="171" name="test_dimmable_brightness[False-/home/tpr/code/python-kasa/kasa/tests/fixtures/LB100(US)_1.0.json]" time="0.001"><skipped message="async def function and no async plugin installed (see warnings)" type="pytest.skip">/home/tpr/.cache/pypoetry/virtualenvs/python-kasa-TK6VvBHa-py3.8/lib/python3.8/site-packages/_pytest/python.py:172: async def function and no async plugin installed (see warnings)</skipped></testcase><testcase classname="tests.test_bulb" file="tests/test_bulb.py" line="171" name="test_dimmable_brightness[False-/home/tpr/code/python-kasa/kasa/tests/fixtures/HS220(US)_1.0_real.json]" time="0.001"><skipped message="async def function and no async plugin installed (see warnings)" type="pytest.skip">/home/tpr/.cache/pypoetry/virtualenvs/python-kasa-TK6VvBHa-py3.8/lib/python3.8/site-packages/_pytest/python.py:172: async def function and no async plugin installed (see warnings)</skipped></testcase><testcase classname="tests.test_bulb" file="tests/test_bulb.py" line="171" name="test_dimmable_brightness[False-/home/tpr/code/python-kasa/kasa/tests/fixtures/KL130(US)_1.0.json]" time="0.001"><skipped message="async def function and no async plugin installed (see warnings)" type="pytest.skip">/home/tpr/.cache/pypoetry/virtualenvs/python-kasa-TK6VvBHa-py3.8/lib/python3.8/site-packages/_pytest/python.py:172: async def function and no async plugin installed (see warnings)</skipped></testcase><testcase classname="tests.test_bulb" file="tests/test_bulb.py" line="171" name="test_dimmable_brightness[False-/home/tpr/code/python-kasa/kasa/tests/fixtures/KL60(UN)_1.0.json]" time="0.001"><skipped message="async def function and no async plugin installed (see warnings)" type="pytest.skip">/home/tpr/.cache/pypoetry/virtualenvs/python-kasa-TK6VvBHa-py3.8/lib/python3.8/site-packages/_pytest/python.py:172: async def function and no async plugin installed (see warnings)</skipped></testcase><testcase classname="tests.test_bulb" file="tests/test_bulb.py" line="187" name="test_turn_on_transition[KL120(US)_1.0_real.json]" time="0.001"><skipped message="async def function and no async plugin installed (see warnings)" type="pytest.skip">/home/tpr/.cache/pypoetry/virtualenvs/python-kasa-TK6VvBHa-py3.8/lib/python3.8/site-packages/_pytest/python.py:172: async def function and no async plugin installed (see warnings)</skipped></testcase><testcase classname="tests.test_bulb" file="tests/test_bulb.py" line="187" name="test_turn_on_transition[LB120(US)_1.0.json]" time="0.001"><skipped message="async def function and no async plugin installed (see warnings)" type="pytest.skip">/home/tpr/.cache/pypoetry/virtualenvs/python-kasa-TK6VvBHa-py3.8/lib/python3.8/site-packages/_pytest/python.py:172: async def function and no async plugin installed (see warnings)</skipped></testcase><testcase classname="tests.test_bulb" file="tests/test_bulb.py" line="187" name="test_turn_on_transition[LB130(US)_1.0.json]" time="0.001"><skipped message="async def function and no async plugin installed (see warnings)" type="pytest.skip">/home/tpr/.cache/pypoetry/virtualenvs/python-kasa-TK6VvBHa-py3.8/lib/python3.8/site-packages/_pytest/python.py:172: async def function and no async plugin installed (see warnings)</skipped></testcase><testcase classname="tests.test_bulb" file="tests/test_bulb.py" line="187" name="test_turn_on_transition[LB100(US)_1.0.json]" time="0.001"><skipped message="async def function and no async plugin installed (see warnings)" type="pytest.skip">/home/tpr/.cache/pypoetry/virtualenvs/python-kasa-TK6VvBHa-py3.8/lib/python3.8/site-packages/_pytest/python.py:172: async def function and no async plugin installed (see warnings)</skipped></testcase><testcase classname="tests.test_bulb" file="tests/test_bulb.py" line="187" name="test_turn_on_transition[KL130(US)_1.0.json]" time="0.001"><skipped message="async def function and no async plugin installed (see warnings)" type="pytest.skip">/home/tpr/.cache/pypoetry/virtualenvs/python-kasa-TK6VvBHa-py3.8/lib/python3.8/site-packages/_pytest/python.py:172: async def function and no async plugin installed (see warnings)</skipped></testcase><testcase classname="tests.test_bulb" file="tests/test_bulb.py" line="187" name="test_turn_on_transition[KL60(UN)_1.0.json]" time="0.001"><skipped message="async def function and no async plugin installed (see warnings)" type="pytest.skip">/home/tpr/.cache/pypoetry/virtualenvs/python-kasa-TK6VvBHa-py3.8/lib/python3.8/site-packages/_pytest/python.py:172: async def function and no async plugin installed (see warnings)</skipped></testcase><testcase classname="tests.test_bulb" file="tests/test_bulb.py" line="199" name="test_dimmable_brightness_transition[KL120(US)_1.0_real.json]" time="0.001"><skipped message="async def function and no async plugin installed (see warnings)" type="pytest.skip">/home/tpr/.cache/pypoetry/virtualenvs/python-kasa-TK6VvBHa-py3.8/lib/python3.8/site-packages/_pytest/python.py:172: async def function and no async plugin installed (see warnings)</skipped></testcase><testcase classname="tests.test_bulb" file="tests/test_bulb.py" line="199" name="test_dimmable_brightness_transition[LB120(US)_1.0.json]" time="0.001"><skipped message="async def function and no async plugin installed (see warnings)" type="pytest.skip">/home/tpr/.cache/pypoetry/virtualenvs/python-kasa-TK6VvBHa-py3.8/lib/python3.8/site-packages/_pytest/python.py:172: async def function and no async plugin installed (see warnings)</skipped></testcase><testcase classname="tests.test_bulb" file="tests/test_bulb.py" line="199" name="test_dimmable_brightness_transition[LB130(US)_1.0.json]" time="0.001"><skipped message="async def function and no async plugin installed (see warnings)" type="pytest.skip">/home/tpr/.cache/pypoetry/virtualenvs/python-kasa-TK6VvBHa-py3.8/lib/python3.8/site-packages/_pytest/python.py:172: async def function and no async plugin installed (see warnings)</skipped></testcase><testcase classname="tests.test_bulb" file="tests/test_bulb.py" line="199" name="test_dimmable_brightness_transition[LB100(US)_1.0.json]" time="0.001"><skipped message="async def function and no async plugin installed (see warnings)" type="pytest.skip">/home/tpr/.cache/pypoetry/virtualenvs/python-kasa-TK6VvBHa-py3.8/lib/python3.8/site-packages/_pytest/python.py:172: async def function and no async plugin installed (see warnings)</skipped></testcase><testcase classname="tests.test_bulb" file="tests/test_bulb.py" line="199" name="test_dimmable_brightness_transition[KL130(US)_1.0.json]" time="0.001"><skipped message="async def function and no async plugin installed (see warnings)" type="pytest.skip">/home/tpr/.cache/pypoetry/virtualenvs/python-kasa-TK6VvBHa-py3.8/lib/python3.8/site-packages/_pytest/python.py:172: async def function and no async plugin installed (see warnings)</skipped></testcase><testcase classname="tests.test_bulb" file="tests/test_bulb.py" line="199" name="test_dimmable_brightness_transition[KL60(UN)_1.0.json]" time="0.001"><skipped message="async def function and no async plugin installed (see warnings)" type="pytest.skip">/home/tpr/.cache/pypoetry/virtualenvs/python-kasa-TK6VvBHa-py3.8/lib/python3.8/site-packages/_pytest/python.py:172: async def function and no async plugin installed (see warnings)</skipped></testcase><testcase classname="tests.test_bulb" file="tests/test_bulb.py" line="207" name="test_invalid_brightness[/home/tpr/code/python-kasa/kasa/tests/fixtures/KL120(US)_1.0_real.json]" time="0.001"><skipped message="async def function and no async plugin installed (see warnings)" type="pytest.skip">/home/tpr/.cache/pypoetry/virtualenvs/python-kasa-TK6VvBHa-py3.8/lib/python3.8/site-packages/_pytest/python.py:172: async def function and no async plugin installed (see warnings)</skipped></testcase><testcase classname="tests.test_bulb" file="tests/test_bulb.py" line="207" name="test_invalid_brightness[/home/tpr/code/python-kasa/kasa/tests/fixtures/LB120(US)_1.0.json]" time="0.002"><skipped message="async def function and no async plugin installed (see warnings)" type="pytest.skip">/home/tpr/.cache/pypoetry/virtualenvs/python-kasa-TK6VvBHa-py3.8/lib/python3.8/site-packages/_pytest/python.py:172: async def function and no async plugin installed (see warnings)</skipped></testcase><testcase classname="tests.test_bulb" file="tests/test_bulb.py" line="207" name="test_invalid_brightness[/home/tpr/code/python-kasa/kasa/tests/fixtures/LB130(US)_1.0.json]" time="0.001"><skipped message="async def function and no async plugin installed (see warnings)" type="pytest.skip">/home/tpr/.cache/pypoetry/virtualenvs/python-kasa-TK6VvBHa-py3.8/lib/python3.8/site-packages/_pytest/python.py:172: async def function and no async plugin installed (see warnings)</skipped></testcase><testcase classname="tests.test_bulb" file="tests/test_bulb.py" line="207" name="test_invalid_brightness[/home/tpr/code/python-kasa/kasa/tests/fixtures/HS220(US)_1.0.json]" time="0.001"><skipped message="async def function and no async plugin installed (see warnings)" type="pytest.skip">/home/tpr/.cache/pypoetry/virtualenvs/python-kasa-TK6VvBHa-py3.8/lib/python3.8/site-packages/_pytest/python.py:172: async def function and no async plugin installed (see warnings)</skipped></testcase><testcase classname="tests.test_bulb" file="tests/test_bulb.py" line="207" name="test_invalid_brightness[/home/tpr/code/python-kasa/kasa/tests/fixtures/LB100(US)_1.0.json]" time="0.001"><skipped message="async def function and no async plugin installed (see warnings)" type="pytest.skip">/home/tpr/.cache/pypoetry/virtualenvs/python-kasa-TK6VvBHa-py3.8/lib/python3.8/site-packages/_pytest/python.py:172: async def function and no async plugin installed (see warnings)</skipped></testcase><testcase classname="tests.test_bulb" file="tests/test_bulb.py" line="207" name="test_invalid_brightness[/home/tpr/code/python-kasa/kasa/tests/fixtures/HS220(US)_1.0_real.json]" time="0.001"><skipped message="async def function and no async plugin installed (see warnings)" type="pytest.skip">/home/tpr/.cache/pypoetry/virtualenvs/python-kasa-TK6VvBHa-py3.8/lib/python3.8/site-packages/_pytest/python.py:172: async def function and no async plugin installed (see warnings)</skipped></testcase><testcase classname="tests.test_bulb" file="tests/test_bulb.py" line="207" name="test_invalid_brightness[/home/tpr/code/python-kasa/kasa/tests/fixtures/KL130(US)_1.0.json]" time="0.001"><skipped message="async def function and no async plugin installed (see warnings)" type="pytest.skip">/home/tpr/.cache/pypoetry/virtualenvs/python-kasa-TK6VvBHa-py3.8/lib/python3.8/site-packages/_pytest/python.py:172: async def function and no async plugin installed (see warnings)</skipped></testcase><testcase classname="tests.test_bulb" file="tests/test_bulb.py" line="207" name="test_invalid_brightness[/home/tpr/code/python-kasa/kasa/tests/fixtures/KL60(UN)_1.0.json]" time="0.001"><skipped message="async def function and no async plugin installed (see warnings)" type="pytest.skip">/home/tpr/.cache/pypoetry/virtualenvs/python-kasa-TK6VvBHa-py3.8/lib/python3.8/site-packages/_pytest/python.py:172: async def function and no async plugin installed (see warnings)</skipped></testcase><testcase classname="tests.test_bulb" file="tests/test_bulb.py" line="218" name="test_non_dimmable[dev0]" time="0.001"><skipped message="got empty parameter set [&apos;dev&apos;], function test_non_dimmable at /home/tpr/code/python-kasa/kasa/tests/test_bulb.py:218" type="pytest.skip">tests/test_bulb.py:219: got empty parameter set [&apos;dev&apos;], function test_non_dimmable at /home/tpr/code/python-kasa/kasa/tests/test_bulb.py:218</skipped></testcase></testsuite></testsuites>